<?xml version="1.0" encoding="UTF-8"?>
<!-- Generated by org.testng.reporters.JUnitReportReporter -->
<testsuite hostname="DESKTOP-1J2CI49" failures="0" tests="1" name="runners.TestRunner" time="2.057" errors="0" timestamp="2025-07-07T11:33:14 IST" skipped="0">
  <testcase classname="runners.TestRunner" name="runScenario" time="2.057"/>
</testsuite> <!-- runners.TestRunner -->
